<?xml version="1.0" encoding="UTF-8"?>
<TestRun id="4421b8e0-5db4-44f2-b0d5-044b67e23b42" name="Florian@FLORIAN-PC 2010-09-01 20:43:52" runUser="Florian-PC\Florian" xmlns="http://microsoft.com/schemas/VisualStudio/TeamTest/2010">
  <TestSettings name="Local" id="96bdff75-9789-4ff9-98d6-bd2fd69ba88a">
    <Description>These are default test settings for a local test run.</Description>
    <Deployment enabled="false" runDeploymentRoot="Florian_FLORIAN-PC 2010-09-01 20_43_52" />
    <Execution>
      <TestTypeSpecific />
      <AgentRule name="Execution Agents">
      </AgentRule>
    </Execution>
  </TestSettings>
  <Times creation="2010-09-01T20:43:52.6839027+02:00" queuing="2010-09-01T20:43:52.6909031+02:00" start="2010-09-01T20:43:52.6909031+02:00" finish="2010-09-01T20:43:52.9873036+02:00" />
  <ResultSummary outcome="Failed">
    <Counters total="1" executed="1" error="0" failed="1" timeout="0" aborted="0" inconclusive="0" passedButRunAborted="0" notRunnable="0" notExecuted="0" disconnected="0" warning="0" passed="0" completed="0" inProgress="0" pending="0" />
  </ResultSummary>
  <TestDefinitions>
    <UnitTest name="When_Both_Players_Have_40_Score_And_Player_Two_Scores_Two_Times_Then_Game_Is_Not_Over" storage="e:\projektecsharp\tennisgametests\tennisgametests\bin\debug\tennisgametests.dll" id="86e19e65-bef3-df19-f228-ba46c4abc032">
      <Execution id="580295c3-67f3-4669-8045-78a5c8683f3d" />
      <TestMethod codeBase="E:/ProjekteCSharp/TennisGameTests/TennisGameTests/bin/Debug/TennisGameTests.DLL" adapterTypeName="Microsoft.VisualStudio.TestTools.TestTypes.Unit.UnitTestAdapter, Microsoft.VisualStudio.QualityTools.Tips.UnitTest.Adapter, Version=10.0.0.0, Culture=neutral, PublicKeyToken=b03f5f7f11d50a3a" className="TennisGameTests.TennisGameTest, TennisGameTests, Version=1.0.0.0, Culture=neutral, PublicKeyToken=null" name="When_Both_Players_Have_40_Score_And_Player_Two_Scores_Two_Times_Then_Game_Is_Not_Over" />
    </UnitTest>
  </TestDefinitions>
  <TestLists>
    <TestList name="Results Not in a List" id="8c84fa94-04c1-424b-9868-57a2d4851a1d" />
    <TestList name="All Loaded Results" id="19431567-8539-422a-85d7-44ee4e166bda" />
  </TestLists>
  <TestEntries>
    <TestEntry testId="86e19e65-bef3-df19-f228-ba46c4abc032" executionId="580295c3-67f3-4669-8045-78a5c8683f3d" testListId="8c84fa94-04c1-424b-9868-57a2d4851a1d" />
  </TestEntries>
  <Results>
    <UnitTestResult executionId="580295c3-67f3-4669-8045-78a5c8683f3d" testId="86e19e65-bef3-df19-f228-ba46c4abc032" testName="When_Both_Players_Have_40_Score_And_Player_Two_Scores_Two_Times_Then_Game_Is_Not_Over" computerName="FLORIAN-PC" duration="00:00:00.0381637" startTime="2010-09-01T20:43:52.7065031+02:00" endTime="2010-09-01T20:43:52.9561036+02:00" testType="13cdc9d9-ddb5-4fa4-a97d-d965ccfc6d4b" outcome="Failed" testListId="8c84fa94-04c1-424b-9868-57a2d4851a1d" relativeResultsDirectory="580295c3-67f3-4669-8045-78a5c8683f3d">
      <Output>
        <ErrorInfo>
          <Message>Assert.IsTrue failed. </Message>
          <StackTrace>   at TennisGameTests.TennisGameTest.When_Both_Players_Have_40_Score_And_Player_Two_Scores_Two_Times_Then_Game_Is_Not_Over() in E:\ProjekteCSharp\TennisGameTests\TennisGameTests\UnitTest1.cs:line 86
</StackTrace>
        </ErrorInfo>
      </Output>
    </UnitTestResult>
  </Results>
</TestRun>