<?xml version="1.0" encoding="UTF-8"?>
<TestRun id="a39dd0bf-5a6d-4432-848d-388bf0306852" name="Florian@FLORIAN-PC 2010-09-01 20:28:38" runUser="Florian-PC\Florian" xmlns="http://microsoft.com/schemas/VisualStudio/TeamTest/2010">
  <TestSettings name="Local" id="96bdff75-9789-4ff9-98d6-bd2fd69ba88a">
    <Description>These are default test settings for a local test run.</Description>
    <Deployment enabled="false" runDeploymentRoot="Florian_FLORIAN-PC 2010-09-01 20_28_38" />
    <Execution>
      <TestTypeSpecific />
      <AgentRule name="Execution Agents">
      </AgentRule>
    </Execution>
  </TestSettings>
  <Times creation="2010-09-01T20:28:38.8806176+02:00" queuing="2010-09-01T20:28:39.0210179+02:00" start="2010-09-01T20:28:39.0834180+02:00" finish="2010-09-01T20:28:39.5046187+02:00" />
  <ResultSummary outcome="Completed">
    <Counters total="1" executed="1" passed="1" error="0" failed="0" timeout="0" aborted="0" inconclusive="0" passedButRunAborted="0" notRunnable="0" notExecuted="0" disconnected="0" warning="0" completed="0" inProgress="0" pending="0" />
  </ResultSummary>
  <TestDefinitions>
    <UnitTest name="When_A_Player_Scores_Four_Times_In_A_Row_Then_Game_Is_Over" storage="e:\projektecsharp\tennisgametests\tennisgametests\bin\debug\tennisgametests.dll" id="0b4446c4-6dc4-98a3-5a21-b35ab7ad3608">
      <Execution id="5dd7c812-5664-43fe-89d9-5d1241a5d260" />
      <TestMethod codeBase="E:/ProjekteCSharp/TennisGameTests/TennisGameTests/bin/Debug/TennisGameTests.DLL" adapterTypeName="Microsoft.VisualStudio.TestTools.TestTypes.Unit.UnitTestAdapter, Microsoft.VisualStudio.QualityTools.Tips.UnitTest.Adapter, Version=10.0.0.0, Culture=neutral, PublicKeyToken=b03f5f7f11d50a3a" className="TennisGameTests.TennisGameTest, TennisGameTests, Version=1.0.0.0, Culture=neutral, PublicKeyToken=null" name="When_A_Player_Scores_Four_Times_In_A_Row_Then_Game_Is_Over" />
    </UnitTest>
  </TestDefinitions>
  <TestLists>
    <TestList name="Results Not in a List" id="8c84fa94-04c1-424b-9868-57a2d4851a1d" />
    <TestList name="All Loaded Results" id="19431567-8539-422a-85d7-44ee4e166bda" />
  </TestLists>
  <TestEntries>
    <TestEntry testId="0b4446c4-6dc4-98a3-5a21-b35ab7ad3608" executionId="5dd7c812-5664-43fe-89d9-5d1241a5d260" testListId="8c84fa94-04c1-424b-9868-57a2d4851a1d" />
  </TestEntries>
  <Results>
    <UnitTestResult executionId="5dd7c812-5664-43fe-89d9-5d1241a5d260" testId="0b4446c4-6dc4-98a3-5a21-b35ab7ad3608" testName="When_A_Player_Scores_Four_Times_In_A_Row_Then_Game_Is_Over" computerName="FLORIAN-PC" duration="00:00:00.0189346" startTime="2010-09-01T20:28:39.0834180+02:00" endTime="2010-09-01T20:28:39.4890187+02:00" testType="13cdc9d9-ddb5-4fa4-a97d-d965ccfc6d4b" outcome="Passed" testListId="8c84fa94-04c1-424b-9868-57a2d4851a1d" relativeResultsDirectory="5dd7c812-5664-43fe-89d9-5d1241a5d260">
    </UnitTestResult>
  </Results>
</TestRun>