<?xml version="1.0" encoding="UTF-8"?>
<TestRun id="1f1dd592-7c94-490b-a9e1-97f55c9cf574" name="Florian@FLORIAN-PC 2010-09-01 20:33:03" runUser="Florian-PC\Florian" xmlns="http://microsoft.com/schemas/VisualStudio/TeamTest/2010">
  <TestSettings name="Local" id="96bdff75-9789-4ff9-98d6-bd2fd69ba88a">
    <Description>These are default test settings for a local test run.</Description>
    <Deployment enabled="false" runDeploymentRoot="Florian_FLORIAN-PC 2010-09-01 20_33_03" />
    <Execution>
      <TestTypeSpecific />
      <AgentRule name="Execution Agents">
      </AgentRule>
    </Execution>
  </TestSettings>
  <Times creation="2010-09-01T20:33:03.1777433+02:00" queuing="2010-09-01T20:33:04.1127968+02:00" start="2010-09-01T20:33:04.1878011+02:00" finish="2010-09-01T20:33:04.9498447+02:00" />
  <ResultSummary outcome="Completed">
    <Counters total="2" executed="2" passed="2" error="0" failed="0" timeout="0" aborted="0" inconclusive="0" passedButRunAborted="0" notRunnable="0" notExecuted="0" disconnected="0" warning="0" completed="0" inProgress="0" pending="0" />
  </ResultSummary>
  <TestDefinitions>
    <UnitTest name="When_Both_Players_Have_No_Points_Then_Game_Is_Not_Over" storage="e:\projektecsharp\tennisgametests\tennisgametests\bin\debug\tennisgametests.dll" id="7c4a2daa-a308-5e30-c27c-7ff1d3bb7360">
      <Execution id="71bcec36-bd6c-48d8-9e88-fcfa076935e7" />
      <TestMethod codeBase="E:/ProjekteCSharp/TennisGameTests/TennisGameTests/bin/Debug/TennisGameTests.DLL" adapterTypeName="Microsoft.VisualStudio.TestTools.TestTypes.Unit.UnitTestAdapter, Microsoft.VisualStudio.QualityTools.Tips.UnitTest.Adapter, Version=10.0.0.0, Culture=neutral, PublicKeyToken=b03f5f7f11d50a3a" className="TennisGameTests.TennisGameTest, TennisGameTests, Version=1.0.0.0, Culture=neutral, PublicKeyToken=null" name="When_Both_Players_Have_No_Points_Then_Game_Is_Not_Over" />
    </UnitTest>
    <UnitTest name="When_Player_One_Scores_And_Player_Two_Has_One_Point_Less_Then_Game_Is_Over" storage="e:\projektecsharp\tennisgametests\tennisgametests\bin\debug\tennisgametests.dll" id="a7ff91a2-ea8b-73a8-1b6e-6feb5085b15d">
      <Execution id="5990eeec-9827-49e4-b8b3-9d1c842a3c69" />
      <TestMethod codeBase="E:/ProjekteCSharp/TennisGameTests/TennisGameTests/bin/Debug/TennisGameTests.DLL" adapterTypeName="Microsoft.VisualStudio.TestTools.TestTypes.Unit.UnitTestAdapter, Microsoft.VisualStudio.QualityTools.Tips.UnitTest.Adapter, Version=10.0.0.0, Culture=neutral, PublicKeyToken=b03f5f7f11d50a3a" className="TennisGameTests.TennisGameTest, TennisGameTests, Version=1.0.0.0, Culture=neutral, PublicKeyToken=null" name="When_Player_One_Scores_And_Player_Two_Has_One_Point_Less_Then_Game_Is_Over" />
    </UnitTest>
  </TestDefinitions>
  <TestLists>
    <TestList name="Results Not in a List" id="8c84fa94-04c1-424b-9868-57a2d4851a1d" />
    <TestList name="All Loaded Results" id="19431567-8539-422a-85d7-44ee4e166bda" />
  </TestLists>
  <TestEntries>
    <TestEntry testId="7c4a2daa-a308-5e30-c27c-7ff1d3bb7360" executionId="71bcec36-bd6c-48d8-9e88-fcfa076935e7" testListId="8c84fa94-04c1-424b-9868-57a2d4851a1d" />
    <TestEntry testId="a7ff91a2-ea8b-73a8-1b6e-6feb5085b15d" executionId="5990eeec-9827-49e4-b8b3-9d1c842a3c69" testListId="8c84fa94-04c1-424b-9868-57a2d4851a1d" />
  </TestEntries>
  <Results>
    <UnitTestResult executionId="71bcec36-bd6c-48d8-9e88-fcfa076935e7" testId="7c4a2daa-a308-5e30-c27c-7ff1d3bb7360" testName="When_Both_Players_Have_No_Points_Then_Game_Is_Not_Over" computerName="FLORIAN-PC" duration="00:00:00.0162232" startTime="2010-09-01T20:33:04.2408042+02:00" endTime="2010-09-01T20:33:04.8738404+02:00" testType="13cdc9d9-ddb5-4fa4-a97d-d965ccfc6d4b" outcome="Passed" testListId="8c84fa94-04c1-424b-9868-57a2d4851a1d" relativeResultsDirectory="71bcec36-bd6c-48d8-9e88-fcfa076935e7">
    </UnitTestResult>
    <UnitTestResult executionId="5990eeec-9827-49e4-b8b3-9d1c842a3c69" testId="a7ff91a2-ea8b-73a8-1b6e-6feb5085b15d" testName="When_Player_One_Scores_And_Player_Two_Has_One_Point_Less_Then_Game_Is_Over" computerName="FLORIAN-PC" duration="00:00:00.0015710" startTime="2010-09-01T20:33:04.8848410+02:00" endTime="2010-09-01T20:33:04.8968417+02:00" testType="13cdc9d9-ddb5-4fa4-a97d-d965ccfc6d4b" outcome="Passed" testListId="8c84fa94-04c1-424b-9868-57a2d4851a1d" relativeResultsDirectory="5990eeec-9827-49e4-b8b3-9d1c842a3c69">
    </UnitTestResult>
  </Results>
</TestRun>