<?xml version="1.0" encoding="UTF-8"?>
<TestRun id="410b7ca4-7571-43d3-a5bb-112007182540" name="Florian@FLORIAN-PC 2010-09-01 20:23:12" runUser="Florian-PC\Florian" xmlns="http://microsoft.com/schemas/VisualStudio/TeamTest/2010">
  <TestSettings name="Local" id="96bdff75-9789-4ff9-98d6-bd2fd69ba88a">
    <Description>These are default test settings for a local test run.</Description>
    <Deployment enabled="false" runDeploymentRoot="Florian_FLORIAN-PC 2010-09-01 20_23_12" />
    <Execution>
      <TestTypeSpecific />
      <AgentRule name="Execution Agents">
      </AgentRule>
    </Execution>
  </TestSettings>
  <Times creation="2010-09-01T20:23:12.9870910+02:00" queuing="2010-09-01T20:23:14.1980997+02:00" start="2010-09-01T20:23:14.2760999+02:00" finish="2010-09-01T20:23:44.5853712+02:00" />
  <ResultSummary outcome="Error">
    <Counters total="1" executed="1" error="0" failed="0" timeout="0" aborted="1" inconclusive="0" passedButRunAborted="0" notRunnable="0" notExecuted="0" disconnected="0" warning="0" passed="0" completed="0" inProgress="0" pending="0" />
    <RunInfos>
      <RunInfo computerName="FLORIAN-PC" outcome="Error" timestamp="2010-09-01T20:23:44.5853712+02:00">
        <Text>Test host process exited unexpectedly.</Text>
      </RunInfo>
    </RunInfos>
  </ResultSummary>
  <TestDefinitions>
    <UnitTest name="When_A_Player_Scores_Four_Times_In_A_Row_Then_Game_Is_Over" storage="e:\projektecsharp\tennisgametests\tennisgametests\bin\debug\tennisgametests.dll" id="0b4446c4-6dc4-98a3-5a21-b35ab7ad3608">
      <Execution id="a97a819f-8ab0-4d60-ab8a-deef59075beb" />
      <TestMethod codeBase="E:/ProjekteCSharp/TennisGameTests/TennisGameTests/bin/Debug/TennisGameTests.DLL" adapterTypeName="Microsoft.VisualStudio.TestTools.TestTypes.Unit.UnitTestAdapter, Microsoft.VisualStudio.QualityTools.Tips.UnitTest.Adapter, Version=10.0.0.0, Culture=neutral, PublicKeyToken=b03f5f7f11d50a3a" className="TennisGameTests.TennisGameTest, TennisGameTests, Version=1.0.0.0, Culture=neutral, PublicKeyToken=null" name="When_A_Player_Scores_Four_Times_In_A_Row_Then_Game_Is_Over" />
    </UnitTest>
  </TestDefinitions>
  <TestLists>
    <TestList name="Results Not in a List" id="8c84fa94-04c1-424b-9868-57a2d4851a1d" />
    <TestList name="All Loaded Results" id="19431567-8539-422a-85d7-44ee4e166bda" />
  </TestLists>
  <TestEntries>
    <TestEntry testId="0b4446c4-6dc4-98a3-5a21-b35ab7ad3608" executionId="a97a819f-8ab0-4d60-ab8a-deef59075beb" testListId="8c84fa94-04c1-424b-9868-57a2d4851a1d" />
  </TestEntries>
  <Results>
    <UnitTestResult executionId="a97a819f-8ab0-4d60-ab8a-deef59075beb" testId="0b4446c4-6dc4-98a3-5a21-b35ab7ad3608" testName="When_A_Player_Scores_Four_Times_In_A_Row_Then_Game_Is_Over" computerName="FLORIAN-PC" duration="00:00:30.2780713" startTime="2010-09-01T20:23:14.3072999+02:00" endTime="2010-09-01T20:23:44.5853712+02:00" testType="13cdc9d9-ddb5-4fa4-a97d-d965ccfc6d4b" outcome="Aborted" testListId="8c84fa94-04c1-424b-9868-57a2d4851a1d" relativeResultsDirectory="a97a819f-8ab0-4d60-ab8a-deef59075beb">
    </UnitTestResult>
  </Results>
</TestRun>