<?xml version="1.0" encoding="UTF-8"?>
<TestRun id="06e1a9ce-786d-41e5-a3fa-a66181a853d7" name="Florian@FLORIAN-PC 2010-09-01 20:41:41" runUser="Florian-PC\Florian" xmlns="http://microsoft.com/schemas/VisualStudio/TeamTest/2010">
  <TestSettings name="Local" id="96bdff75-9789-4ff9-98d6-bd2fd69ba88a">
    <Description>These are default test settings for a local test run.</Description>
    <Deployment enabled="false" runDeploymentRoot="Florian_FLORIAN-PC 2010-09-01 20_41_41" />
    <Execution>
      <TestTypeSpecific />
      <AgentRule name="Execution Agents">
      </AgentRule>
    </Execution>
  </TestSettings>
  <Times creation="2010-09-01T20:41:41.9852004+02:00" queuing="2010-09-01T20:41:41.9922008+02:00" start="2010-09-01T20:41:42.0078008+02:00" finish="2010-09-01T20:41:42.3354014+02:00" />
  <ResultSummary outcome="Failed">
    <Counters total="5" executed="5" passed="4" error="0" failed="1" timeout="0" aborted="0" inconclusive="0" passedButRunAborted="0" notRunnable="0" notExecuted="0" disconnected="0" warning="0" completed="0" inProgress="0" pending="0" />
  </ResultSummary>
  <TestDefinitions>
    <UnitTest name="When_Both_Players_Have_No_Points_Then_Game_Is_Not_Over" storage="e:\projektecsharp\tennisgametests\tennisgametests\bin\debug\tennisgametests.dll" id="7c4a2daa-a308-5e30-c27c-7ff1d3bb7360">
      <Execution id="f27301ac-ea02-44e0-a4ca-566239115be0" />
      <TestMethod codeBase="E:/ProjekteCSharp/TennisGameTests/TennisGameTests/bin/Debug/TennisGameTests.DLL" adapterTypeName="Microsoft.VisualStudio.TestTools.TestTypes.Unit.UnitTestAdapter, Microsoft.VisualStudio.QualityTools.Tips.UnitTest.Adapter, Version=10.0.0.0, Culture=neutral, PublicKeyToken=b03f5f7f11d50a3a" className="TennisGameTests.TennisGameTest, TennisGameTests, Version=1.0.0.0, Culture=neutral, PublicKeyToken=null" name="When_Both_Players_Have_No_Points_Then_Game_Is_Not_Over" />
    </UnitTest>
    <UnitTest name="When_Both_Players_Have_40_Score_And_Player_Two_Scores_Two_Times_Then_Game_Is_Not_Over" storage="e:\projektecsharp\tennisgametests\tennisgametests\bin\debug\tennisgametests.dll" id="86e19e65-bef3-df19-f228-ba46c4abc032">
      <Execution id="41561e80-aea9-4d51-9254-0c5e46f6486a" />
      <TestMethod codeBase="E:/ProjekteCSharp/TennisGameTests/TennisGameTests/bin/Debug/TennisGameTests.DLL" adapterTypeName="Microsoft.VisualStudio.TestTools.TestTypes.Unit.UnitTestAdapter, Microsoft.VisualStudio.QualityTools.Tips.UnitTest.Adapter, Version=10.0.0.0, Culture=neutral, PublicKeyToken=b03f5f7f11d50a3a" className="TennisGameTests.TennisGameTest, TennisGameTests, Version=1.0.0.0, Culture=neutral, PublicKeyToken=null" name="When_Both_Players_Have_40_Score_And_Player_Two_Scores_Two_Times_Then_Game_Is_Not_Over" />
    </UnitTest>
    <UnitTest name="When_Both_Players_Have_40_Score_And_Player_One_Scores_Two_Times_Then_Game_Is_Not_Over" storage="e:\projektecsharp\tennisgametests\tennisgametests\bin\debug\tennisgametests.dll" id="1a284bb6-1df7-59be-91fb-b3c48199cc31">
      <Execution id="3d2641b0-f942-4a0c-a446-1cf495d93f2e" />
      <TestMethod codeBase="E:/ProjekteCSharp/TennisGameTests/TennisGameTests/bin/Debug/TennisGameTests.DLL" adapterTypeName="Microsoft.VisualStudio.TestTools.TestTypes.Unit.UnitTestAdapter, Microsoft.VisualStudio.QualityTools.Tips.UnitTest.Adapter, Version=10.0.0.0, Culture=neutral, PublicKeyToken=b03f5f7f11d50a3a" className="TennisGameTests.TennisGameTest, TennisGameTests, Version=1.0.0.0, Culture=neutral, PublicKeyToken=null" name="When_Both_Players_Have_40_Score_And_Player_One_Scores_Two_Times_Then_Game_Is_Not_Over" />
    </UnitTest>
    <UnitTest name="When_Player_One_Scores_And_Player_Two_Has_One_Point_Less_Then_Game_Is_Over" storage="e:\projektecsharp\tennisgametests\tennisgametests\bin\debug\tennisgametests.dll" id="a7ff91a2-ea8b-73a8-1b6e-6feb5085b15d">
      <Execution id="57b34b44-41d7-4492-acb5-e64c4cf3966c" />
      <TestMethod codeBase="E:/ProjekteCSharp/TennisGameTests/TennisGameTests/bin/Debug/TennisGameTests.DLL" adapterTypeName="Microsoft.VisualStudio.TestTools.TestTypes.Unit.UnitTestAdapter, Microsoft.VisualStudio.QualityTools.Tips.UnitTest.Adapter, Version=10.0.0.0, Culture=neutral, PublicKeyToken=b03f5f7f11d50a3a" className="TennisGameTests.TennisGameTest, TennisGameTests, Version=1.0.0.0, Culture=neutral, PublicKeyToken=null" name="When_Player_One_Scores_And_Player_Two_Has_One_Point_Less_Then_Game_Is_Over" />
    </UnitTest>
    <UnitTest name="When_Both_Players_Have_Same_Score_And_Player_One_Scores_Then_Game_Is_Not_Over" storage="e:\projektecsharp\tennisgametests\tennisgametests\bin\debug\tennisgametests.dll" id="f8c7b819-6a34-de2a-2462-3dbba6f9ebbe">
      <Execution id="c86400ae-978f-4e21-935c-1332b4a976f1" />
      <TestMethod codeBase="E:/ProjekteCSharp/TennisGameTests/TennisGameTests/bin/Debug/TennisGameTests.DLL" adapterTypeName="Microsoft.VisualStudio.TestTools.TestTypes.Unit.UnitTestAdapter, Microsoft.VisualStudio.QualityTools.Tips.UnitTest.Adapter, Version=10.0.0.0, Culture=neutral, PublicKeyToken=b03f5f7f11d50a3a" className="TennisGameTests.TennisGameTest, TennisGameTests, Version=1.0.0.0, Culture=neutral, PublicKeyToken=null" name="When_Both_Players_Have_Same_Score_And_Player_One_Scores_Then_Game_Is_Not_Over" />
    </UnitTest>
  </TestDefinitions>
  <TestLists>
    <TestList name="Results Not in a List" id="8c84fa94-04c1-424b-9868-57a2d4851a1d" />
    <TestList name="All Loaded Results" id="19431567-8539-422a-85d7-44ee4e166bda" />
  </TestLists>
  <TestEntries>
    <TestEntry testId="1a284bb6-1df7-59be-91fb-b3c48199cc31" executionId="3d2641b0-f942-4a0c-a446-1cf495d93f2e" testListId="8c84fa94-04c1-424b-9868-57a2d4851a1d" />
    <TestEntry testId="7c4a2daa-a308-5e30-c27c-7ff1d3bb7360" executionId="f27301ac-ea02-44e0-a4ca-566239115be0" testListId="8c84fa94-04c1-424b-9868-57a2d4851a1d" />
    <TestEntry testId="86e19e65-bef3-df19-f228-ba46c4abc032" executionId="41561e80-aea9-4d51-9254-0c5e46f6486a" testListId="8c84fa94-04c1-424b-9868-57a2d4851a1d" />
    <TestEntry testId="a7ff91a2-ea8b-73a8-1b6e-6feb5085b15d" executionId="57b34b44-41d7-4492-acb5-e64c4cf3966c" testListId="8c84fa94-04c1-424b-9868-57a2d4851a1d" />
    <TestEntry testId="f8c7b819-6a34-de2a-2462-3dbba6f9ebbe" executionId="c86400ae-978f-4e21-935c-1332b4a976f1" testListId="8c84fa94-04c1-424b-9868-57a2d4851a1d" />
  </TestEntries>
  <Results>
    <UnitTestResult executionId="3d2641b0-f942-4a0c-a446-1cf495d93f2e" testId="1a284bb6-1df7-59be-91fb-b3c48199cc31" testName="When_Both_Players_Have_40_Score_And_Player_One_Scores_Two_Times_Then_Game_Is_Not_Over" computerName="FLORIAN-PC" duration="00:00:00.0122845" startTime="2010-09-01T20:41:42.0078008+02:00" endTime="2010-09-01T20:41:42.2730013+02:00" testType="13cdc9d9-ddb5-4fa4-a97d-d965ccfc6d4b" outcome="Passed" testListId="8c84fa94-04c1-424b-9868-57a2d4851a1d" relativeResultsDirectory="3d2641b0-f942-4a0c-a446-1cf495d93f2e">
    </UnitTestResult>
    <UnitTestResult executionId="f27301ac-ea02-44e0-a4ca-566239115be0" testId="7c4a2daa-a308-5e30-c27c-7ff1d3bb7360" testName="When_Both_Players_Have_No_Points_Then_Game_Is_Not_Over" computerName="FLORIAN-PC" duration="00:00:00.0002214" startTime="2010-09-01T20:41:42.2730013+02:00" endTime="2010-09-01T20:41:42.2730013+02:00" testType="13cdc9d9-ddb5-4fa4-a97d-d965ccfc6d4b" outcome="Passed" testListId="8c84fa94-04c1-424b-9868-57a2d4851a1d" relativeResultsDirectory="f27301ac-ea02-44e0-a4ca-566239115be0">
    </UnitTestResult>
    <UnitTestResult executionId="41561e80-aea9-4d51-9254-0c5e46f6486a" testId="86e19e65-bef3-df19-f228-ba46c4abc032" testName="When_Both_Players_Have_40_Score_And_Player_Two_Scores_Two_Times_Then_Game_Is_Not_Over" computerName="FLORIAN-PC" duration="00:00:00.0226514" startTime="2010-09-01T20:41:42.2730013+02:00" endTime="2010-09-01T20:41:42.3042013+02:00" testType="13cdc9d9-ddb5-4fa4-a97d-d965ccfc6d4b" outcome="Failed" testListId="8c84fa94-04c1-424b-9868-57a2d4851a1d" relativeResultsDirectory="41561e80-aea9-4d51-9254-0c5e46f6486a">
      <Output>
        <ErrorInfo>
          <Message>Assert.IsTrue failed. </Message>
          <StackTrace>   at TennisGameTests.TennisGameTest.When_Both_Players_Have_40_Score_And_Player_Two_Scores_Two_Times_Then_Game_Is_Not_Over() in E:\ProjekteCSharp\TennisGameTests\TennisGameTests\UnitTest1.cs:line 88
</StackTrace>
        </ErrorInfo>
      </Output>
    </UnitTestResult>
    <UnitTestResult executionId="57b34b44-41d7-4492-acb5-e64c4cf3966c" testId="a7ff91a2-ea8b-73a8-1b6e-6feb5085b15d" testName="When_Player_One_Scores_And_Player_Two_Has_One_Point_Less_Then_Game_Is_Over" computerName="FLORIAN-PC" duration="00:00:00.0002445" startTime="2010-09-01T20:41:42.3042013+02:00" endTime="2010-09-01T20:41:42.3198014+02:00" testType="13cdc9d9-ddb5-4fa4-a97d-d965ccfc6d4b" outcome="Passed" testListId="8c84fa94-04c1-424b-9868-57a2d4851a1d" relativeResultsDirectory="57b34b44-41d7-4492-acb5-e64c4cf3966c">
    </UnitTestResult>
    <UnitTestResult executionId="c86400ae-978f-4e21-935c-1332b4a976f1" testId="f8c7b819-6a34-de2a-2462-3dbba6f9ebbe" testName="When_Both_Players_Have_Same_Score_And_Player_One_Scores_Then_Game_Is_Not_Over" computerName="FLORIAN-PC" duration="00:00:00.0003233" startTime="2010-09-01T20:41:42.3198014+02:00" endTime="2010-09-01T20:41:42.3198014+02:00" testType="13cdc9d9-ddb5-4fa4-a97d-d965ccfc6d4b" outcome="Passed" testListId="8c84fa94-04c1-424b-9868-57a2d4851a1d" relativeResultsDirectory="c86400ae-978f-4e21-935c-1332b4a976f1">
    </UnitTestResult>
  </Results>
</TestRun>